<?xml version="1.0" encoding="UTF-8"?>
<testng-results ignored="0" total="1" passed="1" failed="0" skipped="0">
  <reporter-output>
    <line>
      <![CDATA[Launching... https://opensource-demo.orangehrmlive.com/ application]]>
    </line>
    <line>
      <![CDATA[Login OrangeHRM web page ....]]>
    </line>
    <line>
      <![CDATA[Validate that you have logged in successfully]]>
    </line>
    <line>
      <![CDATA[Click Admin - Go to the admin page]]>
    </line>
    <line>
      <![CDATA[ Search username in field "Username"]]>
    </line>
    <line>
      <![CDATA[Verify username is not exist in table]]>
    </line>
    <line>
      <![CDATA[Logout OrangeHRM web page...]]>
    </line>
    <line>
      <![CDATA[Closing Browser]]>
    </line>
  </reporter-output>
  <suite started-at="2021-07-10T14:21:23Z" name="Default suite" finished-at="2021-07-10T14:21:57Z" duration-ms="33492">
    <groups>
    </groups>
    <test started-at="2021-07-10T14:21:23Z" name="Default test" finished-at="2021-07-10T14:21:57Z" duration-ms="33492">
      <class name="com.opensource.admin.qa.TC001_AdminSearchEmployee_POM">
        <test-method is-config="true" signature="beforeTest()[pri:0, instance:com.opensource.admin.qa.TC001_AdminSearchEmployee_POM@27d5a580]" started-at="2021-07-10T14:21:23Z" name="beforeTest" finished-at="2021-07-10T14:21:27Z" duration-ms="3387" status="PASS">
          <reporter-output>
          </reporter-output>
        </test-method> <!-- beforeTest -->
        <test-method signature="TC001_AdminSearchEmployee_POM_Script()[pri:0, instance:com.opensource.admin.qa.TC001_AdminSearchEmployee_POM@27d5a580]" started-at="2021-07-10T14:21:27Z" name="TC001_AdminSearchEmployee_POM_Script" finished-at="2021-07-10T14:21:56Z" duration-ms="29813" status="PASS">
          <reporter-output>
            <line>
              <![CDATA[Launching... https://opensource-demo.orangehrmlive.com/ application]]>
            </line>
            <line>
              <![CDATA[Login OrangeHRM web page ....]]>
            </line>
            <line>
              <![CDATA[Validate that you have logged in successfully]]>
            </line>
            <line>
              <![CDATA[Click Admin - Go to the admin page]]>
            </line>
            <line>
              <![CDATA[ Search username in field "Username"]]>
            </line>
            <line>
              <![CDATA[Verify username is not exist in table]]>
            </line>
            <line>
              <![CDATA[Logout OrangeHRM web page...]]>
            </line>
          </reporter-output>
        </test-method> <!-- TC001_AdminSearchEmployee_POM_Script -->
        <test-method is-config="true" signature="afterTest()[pri:0, instance:com.opensource.admin.qa.TC001_AdminSearchEmployee_POM@27d5a580]" started-at="2021-07-10T14:21:56Z" name="afterTest" finished-at="2021-07-10T14:21:57Z" duration-ms="258" status="PASS">
          <reporter-output>
            <line>
              <![CDATA[Closing Browser]]>
            </line>
          </reporter-output>
        </test-method> <!-- afterTest -->
      </class> <!-- com.opensource.admin.qa.TC001_AdminSearchEmployee_POM -->
    </test> <!-- Default test -->
  </suite> <!-- Default suite -->
</testng-results>
